                            OLS Regression Results                            
==============================================================================
Dep. Variable:                 raised   R-squared:                        -inf
Model:                            OLS   Adj. R-squared:                    nan
Method:                 Least Squares   F-statistic:                       nan
Date:                Tue, 12 Jun 2018   Prob (F-statistic):                nan
Time:                        07:27:03   Log-Likelihood:                 18.682
No. Observations:                   1   AIC:                            -35.36
Df Residuals:                       0   BIC:                            -37.36
Df Model:                           0                                         
Covariance Type:            nonrobust                                         
=================================================================================
                    coef    std err          t      P>|t|      [0.025      0.975]
---------------------------------------------------------------------------------
Intercept      9.784e-12        inf          0        nan         nan         nan
team           4.892e-11        inf          0        nan         nan         nan
hardcap           0.0100        inf          0        nan         nan         nan
telegram        7.19e-08        inf          0        nan         nan         nan
N_google_news  9.784e-12        inf          0        nan         nan         nan
N_twitter      2.281e-07        inf          0        nan         nan         nan
==============================================================================
Omnibus:                          nan   Durbin-Watson:                   0.000
Prob(Omnibus):                    nan   Jarque-Bera (JB):                0.375
Skew:                           0.000   Prob(JB):                        0.829
Kurtosis:                       0.000   Cond. No.                         1.00
==============================================================================

Warnings:
[1] Standard Errors assume that the covariance matrix of the errors is correctly specified.
[2] The input rank is higher than the number of observations.
