                            OLS Regression Results                            
==============================================================================
Dep. Variable:                 raised   R-squared:                       0.019
Model:                            OLS   Adj. R-squared:                  0.015
Method:                 Least Squares   F-statistic:                     4.408
Date:                Tue, 12 Jun 2018   Prob (F-statistic):             0.0127
Time:                        06:07:16   Log-Likelihood:                -8102.2
No. Observations:                 447   AIC:                         1.621e+04
Df Residuals:                     444   BIC:                         1.622e+04
Df Model:                           2                                         
Covariance Type:            nonrobust                                         
==============================================================================
                 coef    std err          t      P>|t|      [0.025      0.975]
------------------------------------------------------------------------------
Intercept   1.709e+07   2.17e+06      7.890      0.000    1.28e+07    2.13e+07
age        -9743.6909   6027.354     -1.617      0.107   -2.16e+04    2101.996
team        2.315e+05   1.06e+05      2.192      0.029    2.39e+04    4.39e+05
==============================================================================
Omnibus:                      399.263   Durbin-Watson:                   0.651
Prob(Omnibus):                  0.000   Jarque-Bera (JB):            12580.517
Skew:                           3.736   Prob(JB):                         0.00
Kurtosis:                      27.892   Cond. No.                         659.
==============================================================================

Warnings:
[1] Standard Errors assume that the covariance matrix of the errors is correctly specified.
