                            OLS Regression Results                            
==============================================================================
Dep. Variable:                 raised   R-squared:                       0.310
Model:                            OLS   Adj. R-squared:                 -0.004
Method:                 Least Squares   F-statistic:                    0.9882
Date:                Tue, 12 Jun 2018   Prob (F-statistic):              0.467
Time:                        07:27:04   Log-Likelihood:                -308.27
No. Observations:                  17   AIC:                             628.5
Df Residuals:                      11   BIC:                             633.5
Df Model:                           5                                         
Covariance Type:            nonrobust                                         
=================================================================================
                    coef    std err          t      P>|t|      [0.025      0.975]
---------------------------------------------------------------------------------
Intercept      -4.26e+04   7.12e+07     -0.001      1.000   -1.57e+08    1.57e+08
team           8.547e+05   4.85e+05      1.761      0.106   -2.13e+05    1.92e+06
hardcap           0.1975      0.757      0.261      0.799      -1.469       1.864
telegram        885.3864   1182.128      0.749      0.470   -1716.459    3487.232
N_google_news -8.971e+05   2.73e+06     -0.329      0.749    -6.9e+06    5.11e+06
N_twitter       -39.7143    280.698     -0.141      0.890    -657.525     578.097
==============================================================================
Omnibus:                        2.258   Durbin-Watson:                   1.304
Prob(Omnibus):                  0.323   Jarque-Bera (JB):                1.203
Skew:                           0.651   Prob(JB):                        0.548
Kurtosis:                       3.031   Cond. No.                     1.21e+09
==============================================================================

Warnings:
[1] Standard Errors assume that the covariance matrix of the errors is correctly specified.
[2] The condition number is large, 1.21e+09. This might indicate that there are
strong multicollinearity or other numerical problems.
