                            OLS Regression Results                            
==============================================================================
Dep. Variable:                 raised   R-squared:                       1.000
Model:                            OLS   Adj. R-squared:                    nan
Method:                 Least Squares   F-statistic:                     0.000
Date:                Tue, 12 Jun 2018   Prob (F-statistic):                nan
Time:                        07:27:03   Log-Likelihood:                 49.577
No. Observations:                   3   AIC:                            -93.15
Df Residuals:                       0   BIC:                            -95.86
Df Model:                           2                                         
Covariance Type:            nonrobust                                         
=================================================================================
                    coef    std err          t      P>|t|      [0.025      0.975]
---------------------------------------------------------------------------------
Intercept         0.1509        inf          0        nan         nan         nan
team             13.0830        inf          0        nan         nan         nan
hardcap           0.2734        inf          0        nan         nan         nan
telegram      -5379.4789        inf         -0        nan         nan         nan
N_google_news    -0.3563        inf         -0        nan         nan         nan
N_twitter       -99.2591        inf         -0        nan         nan         nan
==============================================================================
Omnibus:                          nan   Durbin-Watson:                   0.929
Prob(Omnibus):                    nan   Jarque-Bera (JB):                0.310
Skew:                          -0.239   Prob(JB):                        0.856
Kurtosis:                       1.500   Cond. No.                     1.17e+05
==============================================================================

Warnings:
[1] Standard Errors assume that the covariance matrix of the errors is correctly specified.
[2] The input rank is higher than the number of observations.
[3] The condition number is large, 1.17e+05. This might indicate that there are
strong multicollinearity or other numerical problems.
