                            OLS Regression Results                            
==============================================================================
Dep. Variable:                 raised   R-squared:                       0.195
Model:                            OLS   Adj. R-squared:                  0.186
Method:                 Least Squares   F-statistic:                     21.38
Date:                Tue, 12 Jun 2018   Prob (F-statistic):           3.58e-19
Time:                        07:27:03   Log-Likelihood:                -8058.0
No. Observations:                 447   AIC:                         1.613e+04
Df Residuals:                     441   BIC:                         1.615e+04
Df Model:                           5                                         
Covariance Type:            nonrobust                                         
=================================================================================
                    coef    std err          t      P>|t|      [0.025      0.975]
---------------------------------------------------------------------------------
Intercept      6.054e+06   1.72e+06      3.514      0.000    2.67e+06    9.44e+06
team           2.129e+05   9.54e+04      2.232      0.026    2.55e+04       4e+05
hardcap           0.0927      0.014      6.451      0.000       0.064       0.121
telegram        333.2304     52.738      6.319      0.000     229.580     436.880
N_google_news  8.601e+05   3.59e+05      2.397      0.017    1.55e+05    1.57e+06
N_twitter        19.6345     25.514      0.770      0.442     -30.510      69.779
==============================================================================
Omnibus:                      321.037   Durbin-Watson:                   0.941
Prob(Omnibus):                  0.000   Jarque-Bera (JB):             9470.229
Skew:                           2.667   Prob(JB):                         0.00
Kurtosis:                      24.909   Cond. No.                     1.41e+08
==============================================================================

Warnings:
[1] Standard Errors assume that the covariance matrix of the errors is correctly specified.
[2] The condition number is large, 1.41e+08. This might indicate that there are
strong multicollinearity or other numerical problems.
