                            OLS Regression Results                            
==============================================================================
Dep. Variable:                 raised   R-squared:                       0.458
Model:                            OLS   Adj. R-squared:                  0.387
Method:                 Least Squares   F-statistic:                     6.428
Date:                Tue, 12 Jun 2018   Prob (F-statistic):           0.000203
Time:                        07:27:03   Log-Likelihood:                -760.68
No. Observations:                  44   AIC:                             1533.
Df Residuals:                      38   BIC:                             1544.
Df Model:                           5                                         
Covariance Type:            nonrobust                                         
=================================================================================
                    coef    std err          t      P>|t|      [0.025      0.975]
---------------------------------------------------------------------------------
Intercept      1.531e+07   8.43e+06      1.815      0.077   -1.76e+06    3.24e+07
team          -3.265e+05   1.49e+05     -2.192      0.035   -6.28e+05    -2.5e+04
hardcap           0.8028      0.166      4.824      0.000       0.466       1.140
telegram        -12.8416     72.922     -0.176      0.861    -160.464     134.781
N_google_news -5.001e+05   4.57e+05     -1.095      0.281   -1.43e+06    4.25e+05
N_twitter        14.0862     57.593      0.245      0.808    -102.504     130.677
==============================================================================
Omnibus:                        3.943   Durbin-Watson:                   2.039
Prob(Omnibus):                  0.139   Jarque-Bera (JB):                2.818
Skew:                          -0.433   Prob(JB):                        0.244
Kurtosis:                       3.888   Cond. No.                     3.27e+08
==============================================================================

Warnings:
[1] Standard Errors assume that the covariance matrix of the errors is correctly specified.
[2] The condition number is large, 3.27e+08. This might indicate that there are
strong multicollinearity or other numerical problems.
