                            OLS Regression Results                            
==============================================================================
Dep. Variable:                 raised   R-squared:                       0.212
Model:                            OLS   Adj. R-squared:                  0.188
Method:                 Least Squares   F-statistic:                     8.758
Date:                Tue, 12 Jun 2018   Prob (F-statistic):           2.23e-07
Time:                        07:27:03   Log-Likelihood:                -2894.1
No. Observations:                 169   AIC:                             5800.
Df Residuals:                     163   BIC:                             5819.
Df Model:                           5                                         
Covariance Type:            nonrobust                                         
=================================================================================
                    coef    std err          t      P>|t|      [0.025      0.975]
---------------------------------------------------------------------------------
Intercept      1.901e+07   2.82e+06      6.739      0.000    1.34e+07    2.46e+07
team           7.393e+04   6.68e+04      1.107      0.270    -5.8e+04    2.06e+05
hardcap          -0.1484      0.070     -2.114      0.036      -0.287      -0.010
telegram        128.5470     33.511      3.836      0.000      62.375     194.719
N_google_news  4.762e+05   2.48e+05      1.919      0.057   -1.39e+04    9.66e+05
N_twitter        28.2775     13.031      2.170      0.031       2.545      54.009
==============================================================================
Omnibus:                        5.334   Durbin-Watson:                   1.469
Prob(Omnibus):                  0.069   Jarque-Bera (JB):                5.090
Skew:                           0.422   Prob(JB):                       0.0785
Kurtosis:                       3.104   Cond. No.                     1.93e+08
==============================================================================

Warnings:
[1] Standard Errors assume that the covariance matrix of the errors is correctly specified.
[2] The condition number is large, 1.93e+08. This might indicate that there are
strong multicollinearity or other numerical problems.
