                            OLS Regression Results                            
==============================================================================
Dep. Variable:                 raised   R-squared:                       1.000
Model:                            OLS   Adj. R-squared:                    nan
Method:                 Least Squares   F-statistic:                     0.000
Date:                Tue, 12 Jun 2018   Prob (F-statistic):                nan
Time:                        07:27:03   Log-Likelihood:                 44.275
No. Observations:                   3   AIC:                            -82.55
Df Residuals:                       0   BIC:                            -85.25
Df Model:                           2                                         
Covariance Type:            nonrobust                                         
=================================================================================
                    coef    std err          t      P>|t|      [0.025      0.975]
---------------------------------------------------------------------------------
Intercept        -0.9679        inf         -0        nan         nan         nan
team            -30.4062        inf         -0        nan         nan         nan
hardcap           1.3955        inf          0        nan         nan         nan
telegram       3918.6944        inf          0        nan         nan         nan
N_google_news   -13.2326        inf         -0        nan         nan         nan
N_twitter     -9063.8692        inf         -0        nan         nan         nan
==============================================================================
Omnibus:                          nan   Durbin-Watson:                   2.167
Prob(Omnibus):                    nan   Jarque-Bera (JB):                0.296
Skew:                           0.173   Prob(JB):                        0.862
Kurtosis:                       1.500   Cond. No.                     1.50e+05
==============================================================================

Warnings:
[1] Standard Errors assume that the covariance matrix of the errors is correctly specified.
[2] The input rank is higher than the number of observations.
[3] The condition number is large, 1.5e+05. This might indicate that there are
strong multicollinearity or other numerical problems.
